[2026-02-20T15:05:21.537Z] DocGen API call initiated to https://na1.fusion.foxit.com/document-generation
[2026-02-20T15:05:21.539Z] CLIENT_ID: foxit_YJ...
[2026-02-20T15:05:22.941Z] API Error 401: {"allow":false,"reason":"Invalid credentials"}
[2026-02-20T15:05:22.941Z] Headers sent: {"Accept":"application/json, text/plain, */*","Content-Type":"application/json","client_id":"foxit_YJg4jm0ZjcpJlCng","client_secret":"Q0Win4KZmdbml8x8mrXyhvOtk-OO47Iqm","client-id":"foxit_YJg4jm0ZjcpJlCng","client-secret":"Q0Win4KZmdbml8x8mrXyhvOtk-OO47Iqm","x-api-key":"foxit_YJg4jm0ZjcpJlCng","x-api-secret":"Q0Win4KZmdbml8x8mrXyhvOtk-OO47Iqm","User-Agent":"axios/1.13.5","Content-Length":"11926","Accept-Encoding":"gzip, compress, deflate, br"}
[2026-02-20T15:05:23.350Z] DocGen API call initiated to https://na1.fusion.foxit.com/document-generation
[2026-02-20T15:05:23.351Z] CLIENT_ID: foxit_YJ...
[2026-02-20T15:05:23.984Z] API Error 401: {"allow":false,"reason":"Invalid credentials"}
[2026-02-20T15:05:23.985Z] Headers sent: {"Accept":"application/json, text/plain, */*","Content-Type":"application/json","client_id":"foxit_YJg4jm0ZjcpJlCng","client_secret":"Q0Win4KZmdbml8x8mrXyhvOtk-OO47Iqm","client-id":"foxit_YJg4jm0ZjcpJlCng","client-secret":"Q0Win4KZmdbml8x8mrXyhvOtk-OO47Iqm","x-api-key":"foxit_YJg4jm0ZjcpJlCng","x-api-secret":"Q0Win4KZmdbml8x8mrXyhvOtk-OO47Iqm","User-Agent":"axios/1.13.5","Content-Length":"11930","Accept-Encoding":"gzip, compress, deflate, br"}
[2026-02-20T15:05:24.184Z] DocGen API call initiated to https://na1.fusion.foxit.com/document-generation
[2026-02-20T15:05:24.185Z] CLIENT_ID: foxit_YJ...
[2026-02-20T15:05:24.575Z] API Error 401: {"allow":false,"reason":"Invalid credentials"}
[2026-02-20T15:05:24.594Z] Headers sent: {"Accept":"application/json, text/plain, */*","Content-Type":"application/json","client_id":"foxit_YJg4jm0ZjcpJlCng","client_secret":"Q0Win4KZmdbml8x8mrXyhvOtk-OO47Iqm","client-id":"foxit_YJg4jm0ZjcpJlCng","client-secret":"Q0Win4KZmdbml8x8mrXyhvOtk-OO47Iqm","x-api-key":"foxit_YJg4jm0ZjcpJlCng","x-api-secret":"Q0Win4KZmdbml8x8mrXyhvOtk-OO47Iqm","User-Agent":"axios/1.13.5","Content-Length":"12102","Accept-Encoding":"gzip, compress, deflate, br"}
[2026-02-20T15:09:34.102Z] DocGen API call initiated to https://na1.fusion.foxit.com/document-generation
[2026-02-20T15:09:34.103Z] CLIENT_ID: foxit_YJ...
[2026-02-20T15:09:34.103Z] Trying DocGen credentials...
[2026-02-20T15:09:35.500Z] DocGen credentials failed (401). Trying fallback to PDF Services credentials...
[2026-02-20T15:09:35.813Z] Fallback failed as well.
[2026-02-20T15:09:35.814Z] API Error 401: {"allow":false,"reason":"Invalid credentials"}
[2026-02-20T15:09:35.870Z] DocGen API call initiated to https://na1.fusion.foxit.com/document-generation
[2026-02-20T15:09:35.871Z] CLIENT_ID: foxit_YJ...
[2026-02-20T15:09:35.871Z] Trying DocGen credentials...
[2026-02-20T15:09:36.160Z] DocGen credentials failed (401). Trying fallback to PDF Services credentials...
[2026-02-20T15:09:36.531Z] Fallback failed as well.
[2026-02-20T15:09:36.532Z] API Error 401: {"allow":false,"reason":"Invalid credentials"}
[2026-02-20T15:09:36.853Z] DocGen API call initiated to https://na1.fusion.foxit.com/document-generation
[2026-02-20T15:09:36.853Z] CLIENT_ID: foxit_YJ...
[2026-02-20T15:09:36.854Z] Trying DocGen credentials...
[2026-02-20T15:09:37.149Z] DocGen credentials failed (401). Trying fallback to PDF Services credentials...
[2026-02-20T15:09:37.448Z] Fallback failed as well.
[2026-02-20T15:09:37.449Z] API Error 401: {"allow":false,"reason":"Invalid credentials"}
[2026-02-20T15:57:50.945Z] DocGen API call initiated to https://na1.fusion.foxit.com/document-generation
[2026-02-20T15:57:50.967Z] CLIENT_ID: foxit_YJ...
[2026-02-20T15:57:50.968Z] Trying DocGen credentials...
[2026-02-20T15:57:50.968Z] Requesting with ClientID: foxit_YJ
[2026-02-20T15:57:53.293Z] Attempt for foxi... failed with 401: {"allow":false,"reason":"Invalid credentials"}
[2026-02-20T15:57:53.294Z] DocGen credentials failed (401). Trying fallback to PDF Services credentials...
[2026-02-20T15:57:53.294Z] Requesting with ClientID: foxit_jM
[2026-02-20T15:57:53.668Z] Attempt for foxi... failed with 401: {"allow":false,"reason":"Invalid credentials"}
[2026-02-20T15:57:53.673Z] Fallback failed as well.
[2026-02-20T15:57:53.675Z] API Error 401: {"allow":false,"reason":"Invalid credentials"}
[2026-02-20T15:57:55.234Z] DocGen API call initiated to https://na1.fusion.foxit.com/document-generation
[2026-02-20T15:57:55.246Z] CLIENT_ID: foxit_YJ...
[2026-02-20T15:57:55.246Z] Trying DocGen credentials...
[2026-02-20T15:57:55.247Z] Requesting with ClientID: foxit_YJ
[2026-02-20T15:57:55.602Z] Attempt for foxi... failed with 401: {"allow":false,"reason":"Invalid credentials"}
[2026-02-20T15:57:55.602Z] DocGen credentials failed (401). Trying fallback to PDF Services credentials...
[2026-02-20T15:57:55.603Z] Requesting with ClientID: foxit_jM
[2026-02-20T15:57:55.920Z] Attempt for foxi... failed with 401: {"allow":false,"reason":"Invalid credentials"}
[2026-02-20T15:57:55.962Z] Fallback failed as well.
[2026-02-20T15:57:55.963Z] API Error 401: {"allow":false,"reason":"Invalid credentials"}
[2026-02-20T15:57:57.611Z] DocGen API call initiated to https://na1.fusion.foxit.com/document-generation
[2026-02-20T15:57:57.624Z] CLIENT_ID: foxit_YJ...
[2026-02-20T15:57:57.627Z] Trying DocGen credentials...
[2026-02-20T15:57:57.628Z] Requesting with ClientID: foxit_YJ
[2026-02-20T15:57:57.959Z] Attempt for foxi... failed with 401: {"allow":false,"reason":"Invalid credentials"}
[2026-02-20T15:57:57.961Z] DocGen credentials failed (401). Trying fallback to PDF Services credentials...
[2026-02-20T15:57:57.962Z] Requesting with ClientID: foxit_jM
[2026-02-20T15:57:58.289Z] Attempt for foxi... failed with 401: {"allow":false,"reason":"Invalid credentials"}
[2026-02-20T15:57:58.290Z] Fallback failed as well.
[2026-02-20T15:57:58.291Z] API Error 401: {"allow":false,"reason":"Invalid credentials"}
